<?xml version="1.0" encoding="UTF-8"?>
<!-- Generated by org.testng.reporters.JUnitReportReporter -->
<testsuite hostname="DESKTOP-ME20LMC" failures="0" tests="2" name="com.amazon.homepageTest.HomePageTest" time="11.059" errors="0" timestamp="2021-01-11T10:41:46 EST" skipped="0">
  <testcase classname="com.amazon.homepageTest.HomePageTest" name="homePageTest" time="11.059"/>
  <system-out/>
  <testcase classname="com.amazon.homepageTest.HomePageTest" name="modifiedtest" time="0.000"/>
  <system-out/>
</testsuite> <!-- com.amazon.homepageTest.HomePageTest -->
