<?xml version="1.0" encoding="UTF-8"?>
<!-- Generated by org.testng.reporters.JUnitReportReporter -->
<testsuite skipped="0" hostname="Saiful-PC" name="com.amazon.homepageTest.HomePageTest" tests="1" failures="0" timestamp="2020-11-03T16:10:42 EST" time="19.502" errors="0">
  <testcase name="homePageTest" time="19.502" classname="com.amazon.homepageTest.HomePageTest"/>
  <system-out/>
</testsuite> <!-- com.amazon.homepageTest.HomePageTest -->
