<?xml version="1.0" encoding="UTF-8"?>
<!-- Generated by org.testng.reporters.JUnitReportReporter -->
<testsuite skipped="0" hostname="Saiful-PC" name="com.spice.pages.testclasses.SpiceHomePageTest" tests="2" failures="0" timestamp="2020-10-29T17:13:22 EDT" time="1.013" errors="0">
  <testcase name="validatedtitle" time="0.968" classname="com.spice.pages.testclasses.SpiceHomePageTest"/>
  <system-out/>
  <testcase name="logoTest" time="0.045" classname="com.spice.pages.testclasses.SpiceHomePageTest"/>
  <system-out/>
</testsuite> <!-- com.spice.pages.testclasses.SpiceHomePageTest -->
